Loading required package: methods
[1] "killed process  2621"
[1] "killed process  3777"
[1] TRUE
Loading required package: methods
[1] "2017-01-11"
[1] "killed process  3778"
[1] "killed process  3798"
Error in if (Command == "Sleep" && Time > 120 && Host != "localhost") { : 
  missing value where TRUE/FALSE needed
Execution halted
Loading required package: methods
[1] "2017-01-11"
[1] "killed process  3779"
[1] "killed process  3801"
Error in if (Command == "Sleep" && Time > 120 && Host != "localhost") { : 
  missing value where TRUE/FALSE needed
Execution halted
Loading required package: methods
[1] "2017-01-11"
[1] "killed process  3834"
Error in if (Command == "Sleep" && Time > 120 && Host != "localhost") { : 
  missing value where TRUE/FALSE needed
Execution halted
Loading required package: methods
[1] "2017-01-11"
[1] "killed process  3837"
Error in if (Command == "Sleep" && Time > 120 && Host != "localhost") { : 
  missing value where TRUE/FALSE needed
Execution halted
Loading required package: methods
[1] "2017-01-11"
[1] "killed process  3840"
[1] "killed process  3841"
Error in if (Command == "Sleep" && Time > 120 && Host != "localhost") { : 
  missing value where TRUE/FALSE needed
Execution halted
Loading required package: methods
[1] "2017-01-11"
[1] "killed process  3845"
Error in if (Command == "Sleep" && Time > 120 && Host != "localhost") { : 
  missing value where TRUE/FALSE needed
Execution halted
Loading required package: methods
[1] "2017-01-11"
[1] "killed process  3848"
[1] "killed process  3850"
Error in if (Command == "Sleep" && Time > 120 && Host != "localhost") { : 
  missing value where TRUE/FALSE needed
Execution halted
Loading required package: methods
[1] "2017-01-11"
[1] "killed process  3862"
Error in if (Command == "Sleep" && Time > 120 && Host != "localhost") { : 
  missing value where TRUE/FALSE needed
Execution halted
Loading required package: methods
[1] "2017-01-11"
[1] "killed process  3865"
Error in if (Command == "Sleep" && Time > 120 && Host != "localhost") { : 
  missing value where TRUE/FALSE needed
Execution halted
Loading required package: methods
[1] "2017-01-11"
[1] "killed process  3867"
[1] "killed process  3868"
[1] "killed process  3876"
Error in if (Command == "Sleep" && Time > 120 && Host != "localhost") { : 
  missing value where TRUE/FALSE needed
Execution halted
Loading required package: methods
[1] "2017-01-11"
[1] "killed process  3879"
Error in if (Command == "Sleep" && Time > 120 && Host != "localhost") { : 
  missing value where TRUE/FALSE needed
Execution halted
Loading required package: methods
[1] "2017-01-11"
[1] "killed process  3887"
Error in if (Command == "Sleep" && Time > 120 && Host != "localhost") { : 
  missing value where TRUE/FALSE needed
Execution halted
Loading required package: methods
[1] "2017-01-11"
[1] "killed process  3897"
Error in if (Command == "Sleep" && Time > 120 && Host != "localhost") { : 
  missing value where TRUE/FALSE needed
Execution halted
Loading required package: methods
[1] "2017-01-12"
[1] "killed process  3936"
[1] "killed process  4670"
[1] "killed process  4671"
[1] "killed process  4674"
Error in if (Command == "Sleep" && Time > 120 && Host != "localhost") { : 
  missing value where TRUE/FALSE needed
Execution halted
Loading required package: methods
[1] "2017-01-12"
[1] "killed process  4693"
[1] "killed process  4695"
[1] "killed process  4696"
Error in if (Command == "Sleep" && Time > 120 && Host != "localhost") { : 
  missing value where TRUE/FALSE needed
Execution halted
Loading required package: methods
[1] "2017-01-12"
[1] "killed process  4697"
[1] "killed process  4699"
[1] "killed process  4700"
[1] "killed process  4701"
[1] "killed process  4704"
[1] TRUE
Loading required package: methods
[1] "2017-01-12"
[1] "killed process  4705"
[1] "killed process  4707"
[1] "killed process  4709"
[1] TRUE
Loading required package: methods
[1] "2017-01-12"
[1] "killed process  4712"
[1] "killed process  4713"
[1] "killed process  4714"
[1] "killed process  4716"
[1] "killed process  4717"
[1] "killed process  4725"
[1] TRUE
Loading required package: methods
[1] "2017-01-12"
[1] "killed process  4726"
Error in if (Command == "Sleep" && Time > 120 && Host != "localhost") { : 
  missing value where TRUE/FALSE needed
Execution halted
Loading required package: methods
[1] "2017-01-12"
[1] "killed process  4742"
Error in if (Command == "Sleep" && Time > 120 && Host != "localhost") { : 
  missing value where TRUE/FALSE needed
Execution halted
Loading required package: methods
[1] "2017-01-12"
[1] "killed process  4745"
[1] "killed process  4749"
[1] "killed process  4750"
Error in if (Command == "Sleep" && Time > 120 && Host != "localhost") { : 
  missing value where TRUE/FALSE needed
Execution halted
Loading required package: methods
[1] "2017-01-12"
[1] "killed process  4767"
Error in if (Command == "Sleep" && Time > 120 && Host != "localhost") { : 
  missing value where TRUE/FALSE needed
Execution halted
Loading required package: methods
[1] "2017-01-12"
[1] "killed process  4770"
Error in if (Command == "Sleep" && Time > 120 && Host != "localhost") { : 
  missing value where TRUE/FALSE needed
Execution halted
Loading required package: methods
[1] "2017-01-12"
[1] "killed process  4775"
Error in if (Command == "Sleep" && Time > 120 && Host != "localhost") { : 
  missing value where TRUE/FALSE needed
Execution halted
Loading required package: methods
[1] "2017-01-12"
[1] "killed process  4778"
[1] "killed process  4779"
Error in if (Command == "Sleep" && Time > 120 && Host != "localhost") { : 
  missing value where TRUE/FALSE needed
Execution halted
Loading required package: methods
[1] "2017-01-12"
[1] "killed process  4782"
Error in if (Command == "Sleep" && Time > 120 && Host != "localhost") { : 
  missing value where TRUE/FALSE needed
Execution halted
Loading required package: methods
[1] "2017-01-12"
[1] "killed process  4785"
[1] "killed process  4786"
[1] "killed process  4788"
[1] "killed process  4793"
[1] TRUE
Loading required package: methods
[1] "2017-01-13"
[1] "killed process  5657"
[1] "killed process  5658"
[1] "killed process  5669"
Error in if (Command == "Sleep" && Time > 120 && Host != "localhost") { : 
  missing value where TRUE/FALSE needed
Execution halted
Loading required package: methods
[1] "2017-01-13"
[1] "killed process  5670"
Error in if (Command == "Sleep" && Time > 120 && Host != "localhost") { : 
  missing value where TRUE/FALSE needed
Execution halted
Loading required package: methods
[1] "2017-01-13"
[1] "killed process  5837"
Error in if (Command == "Sleep" && Time > 120 && Host != "localhost") { : 
  missing value where TRUE/FALSE needed
Execution halted
Loading required package: methods
[1] "2017-01-13"
[1] "killed process  5937"
Error in if (Command == "Sleep" && Time > 120 && Host != "localhost") { : 
  missing value where TRUE/FALSE needed
Execution halted
Loading required package: methods
[1] "2017-01-13"
[1] "killed process  5962"
Error in if (Command == "Sleep" && Time > 120 && Host != "localhost") { : 
  missing value where TRUE/FALSE needed
Execution halted
Loading required package: methods
[1] "2017-01-13"
[1] "killed process  5965"
Error in if (Command == "Sleep" && Time > 120 && Host != "localhost") { : 
  missing value where TRUE/FALSE needed
Execution halted
Loading required package: methods
[1] "2017-01-13"
[1] "killed process  5975"
Error in if (Command == "Sleep" && Time > 120 && Host != "localhost") { : 
  missing value where TRUE/FALSE needed
Execution halted
Loading required package: methods
[1] "2017-01-13"
[1] "killed process  5978"
Error in if (Command == "Sleep" && Time > 120 && Host != "localhost") { : 
  missing value where TRUE/FALSE needed
Execution halted
Loading required package: methods
[1] "2017-01-13"
[1] "killed process  5987"
[1] "killed process  5995"
Error in if (Command == "Sleep" && Time > 120 && Host != "localhost") { : 
  missing value where TRUE/FALSE needed
Execution halted
Loading required package: methods
[1] "2017-01-13"
[1] "killed process  5994"
[1] "killed process  5998"
Error in if (Command == "Sleep" && Time > 120 && Host != "localhost") { : 
  missing value where TRUE/FALSE needed
Execution halted
Loading required package: methods
[1] "2017-01-13"
[1] "killed process  6008"
Error in if (Command == "Sleep" && Time > 120 && Host != "localhost") { : 
  missing value where TRUE/FALSE needed
Execution halted
Loading required package: methods
[1] "2017-01-13"
[1] "killed process  6023"
Error in if (Command == "Sleep" && Time > 120 && Host != "localhost") { : 
  missing value where TRUE/FALSE needed
Execution halted
Loading required package: methods
[1] "2017-01-13"
[1] "killed process  6077"
[1] "killed process  6078"
[1] "killed process  6079"
[1] "killed process  6081"
[1] "killed process  6082"
[1] TRUE
Loading required package: methods
[1] "2017-01-13"
[1] "killed process  6028"
[1] "killed process  6104"
[1] "killed process  6107"
[1] "killed process  6108"
[1] "killed process  6110"
[1] TRUE
Loading required package: methods
[1] "2017-01-14"
[1] "killed process  6124"
Error in if (Command == "Sleep" && Time > 120 && Host != "localhost") { : 
  missing value where TRUE/FALSE needed
Execution halted
Loading required package: methods
[1] "2017-01-14"
[1] "killed process  6771"
Error in if (Command == "Sleep" && Time > 120 && Host != "localhost") { : 
  missing value where TRUE/FALSE needed
Execution halted
Loading required package: methods
[1] "2017-01-14"
[1] "killed process  6774"
Error in if (Command == "Sleep" && Time > 120 && Host != "localhost") { : 
  missing value where TRUE/FALSE needed
Execution halted
Loading required package: methods
[1] "2017-01-14"
[1] "killed process  6778"
Error in if (Command == "Sleep" && Time > 120 && Host != "localhost") { : 
  missing value where TRUE/FALSE needed
Execution halted
Loading required package: methods
[1] "2017-01-14"
[1] "killed process  6781"
Error in if (Command == "Sleep" && Time > 120 && Host != "localhost") { : 
  missing value where TRUE/FALSE needed
Execution halted
Loading required package: methods
[1] "2017-01-14"
[1] "killed process  6784"
Error in if (Command == "Sleep" && Time > 120 && Host != "localhost") { : 
  missing value where TRUE/FALSE needed
Execution halted
Loading required package: methods
[1] "2017-01-14"
[1] "killed process  6787"
Error in if (Command == "Sleep" && Time > 120 && Host != "localhost") { : 
  missing value where TRUE/FALSE needed
Execution halted
Loading required package: methods
[1] "2017-01-14"
[1] "killed process  6790"
Error in if (Command == "Sleep" && Time > 120 && Host != "localhost") { : 
  missing value where TRUE/FALSE needed
Execution halted
Loading required package: methods
[1] "2017-01-14"
[1] "killed process  6793"
Error in if (Command == "Sleep" && Time > 120 && Host != "localhost") { : 
  missing value where TRUE/FALSE needed
Execution halted
Loading required package: methods
[1] "2017-01-14"
[1] "killed process  6796"
Error in if (Command == "Sleep" && Time > 120 && Host != "localhost") { : 
  missing value where TRUE/FALSE needed
Execution halted
Loading required package: methods
[1] "2017-01-14"
[1] "killed process  6799"
Error in if (Command == "Sleep" && Time > 120 && Host != "localhost") { : 
  missing value where TRUE/FALSE needed
Execution halted
Loading required package: methods
[1] "2017-01-14"
[1] "killed process  6802"
Error in if (Command == "Sleep" && Time > 120 && Host != "localhost") { : 
  missing value where TRUE/FALSE needed
Execution halted
Loading required package: methods
[1] "2017-01-14"
[1] "killed process  6805"
Error in if (Command == "Sleep" && Time > 120 && Host != "localhost") { : 
  missing value where TRUE/FALSE needed
Execution halted
Loading required package: methods
[1] "2017-01-14"
[1] "killed process  6808"
Error in if (Command == "Sleep" && Time > 120 && Host != "localhost") { : 
  missing value where TRUE/FALSE needed
Execution halted
Loading required package: methods
[1] "2017-01-15"
Error in if (Command == "Sleep" && Time > 120 && Host != "localhost") { : 
  missing value where TRUE/FALSE needed
Execution halted
Loading required package: methods
[1] "2017-01-15"
Error in if (Command == "Sleep" && Time > 120 && Host != "localhost") { : 
  missing value where TRUE/FALSE needed
Execution halted
Loading required package: methods
[1] "2017-01-15"
Error in if (Command == "Sleep" && Time > 120 && Host != "localhost") { : 
  missing value where TRUE/FALSE needed
Execution halted
Loading required package: methods
[1] "2017-01-15"
Error in if (Command == "Sleep" && Time > 120 && Host != "localhost") { : 
  missing value where TRUE/FALSE needed
Execution halted
Loading required package: methods
[1] "2017-01-15"
Error in if (Command == "Sleep" && Time > 120 && Host != "localhost") { : 
  missing value where TRUE/FALSE needed
Execution halted
Loading required package: methods
[1] "2017-01-15"
Error in if (Command == "Sleep" && Time > 120 && Host != "localhost") { : 
  missing value where TRUE/FALSE needed
Execution halted
Loading required package: methods
[1] "2017-01-15"
Error in if (Command == "Sleep" && Time > 120 && Host != "localhost") { : 
  missing value where TRUE/FALSE needed
Execution halted
Loading required package: methods
[1] "2017-01-15"
Error in if (Command == "Sleep" && Time > 120 && Host != "localhost") { : 
  missing value where TRUE/FALSE needed
Execution halted
Loading required package: methods
[1] "2017-01-15"
Error in if (Command == "Sleep" && Time > 120 && Host != "localhost") { : 
  missing value where TRUE/FALSE needed
Execution halted
Loading required package: methods
[1] "2017-01-15"
Error in if (Command == "Sleep" && Time > 120 && Host != "localhost") { : 
  missing value where TRUE/FALSE needed
Execution halted
Loading required package: methods
[1] "2017-01-15"
Error in if (Command == "Sleep" && Time > 120 && Host != "localhost") { : 
  missing value where TRUE/FALSE needed
Execution halted
Loading required package: methods
[1] "2017-01-15"
Error in if (Command == "Sleep" && Time > 120 && Host != "localhost") { : 
  missing value where TRUE/FALSE needed
Execution halted
Loading required package: methods
[1] "2017-01-15"
Error in if (Command == "Sleep" && Time > 120 && Host != "localhost") { : 
  missing value where TRUE/FALSE needed
Execution halted
Loading required package: methods
[1] "2017-01-15"
Error in if (Command == "Sleep" && Time > 120 && Host != "localhost") { : 
  missing value where TRUE/FALSE needed
Execution halted
Loading required package: methods
[1] "2017-01-16"
[1] "killed process  8098"
[1] "killed process  8122"
[1] "killed process  8125"
[1] "killed process  8126"
Error in if (Command == "Sleep" && Time > 120 && Host != "localhost") { : 
  missing value where TRUE/FALSE needed
Execution halted
Loading required package: methods
[1] "2017-01-16"
[1] "killed process  8167"
[1] "killed process  8168"
[1] "killed process  8169"
[1] "killed process  8243"
[1] "killed process  8252"
[1] "killed process  8260"
[1] "killed process  8261"
[1] TRUE
Loading required package: methods
[1] "2017-01-16"
[1] "killed process  8262"
[1] "killed process  8264"
[1] "killed process  8277"
[1] "killed process  8279"
Error in if (Command == "Sleep" && Time > 120 && Host != "localhost") { : 
  missing value where TRUE/FALSE needed
Execution halted
Loading required package: methods
[1] "2017-01-16"
[1] "killed process  8306"
Error in if (Command == "Sleep" && Time > 120 && Host != "localhost") { : 
  missing value where TRUE/FALSE needed
Execution halted
Loading required package: methods
[1] "2017-01-16"
[1] "killed process  8323"
[1] "killed process  8324"
[1] "killed process  8325"
[1] "killed process  8334"
Error in if (Command == "Sleep" && Time > 120 && Host != "localhost") { : 
  missing value where TRUE/FALSE needed
Execution halted
Loading required package: methods
[1] "2017-01-16"
[1] "killed process  8337"
Error in if (Command == "Sleep" && Time > 120 && Host != "localhost") { : 
  missing value where TRUE/FALSE needed
Execution halted
Loading required package: methods
[1] "2017-01-16"
[1] "killed process  8340"
Error in if (Command == "Sleep" && Time > 120 && Host != "localhost") { : 
  missing value where TRUE/FALSE needed
Execution halted
Loading required package: methods
[1] "2017-01-16"
[1] "killed process  8343"
Error in if (Command == "Sleep" && Time > 120 && Host != "localhost") { : 
  missing value where TRUE/FALSE needed
Execution halted
Loading required package: methods
[1] "2017-01-16"
[1] "killed process  8521"
Error in if (Command == "Sleep" && Time > 120 && Host != "localhost") { : 
  missing value where TRUE/FALSE needed
Execution halted
Loading required package: methods
[1] "2017-01-16"
[1] "killed process  8636"
[1] "killed process  8744"
Error in if (Command == "Sleep" && Time > 120 && Host != "localhost") { : 
  missing value where TRUE/FALSE needed
Execution halted
Loading required package: methods
[1] "2017-01-16"
[1] "killed process  8774"
[1] "killed process  8785"
Error in if (Command == "Sleep" && Time > 120 && Host != "localhost") { : 
  missing value where TRUE/FALSE needed
Execution halted
Loading required package: methods
[1] "2017-01-16"
[1] "killed process  8924"
[1] "killed process  8925"
Error in if (Command == "Sleep" && Time > 120 && Host != "localhost") { : 
  missing value where TRUE/FALSE needed
Execution halted
Loading required package: methods
[1] "2017-01-16"
[1] "killed process  8959"
[1] "killed process  8960"
[1] "killed process  8999"
[1] "killed process  9004"
[1] "killed process  9009"
[1] TRUE
Loading required package: methods
[1] "2017-01-16"
[1] "killed process  9002"
[1] "killed process  9028"
Error in if (Command == "Sleep" && Time > 120 && Host != "localhost") { : 
  missing value where TRUE/FALSE needed
Execution halted
Loading required package: methods
[1] "2017-01-17"
Error in if (Command == "Sleep" && Time > 120 && Host != "localhost") { : 
  missing value where TRUE/FALSE needed
Execution halted
Loading required package: methods
[1] "2017-01-17"
Error in if (Command == "Sleep" && Time > 120 && Host != "localhost") { : 
  missing value where TRUE/FALSE needed
Execution halted
Loading required package: methods
[1] "2017-01-17"
[1] "killed process  10024"
Error in if (Command == "Sleep" && Time > 120 && Host != "localhost") { : 
  missing value where TRUE/FALSE needed
Execution halted
Loading required package: methods
[1] "2017-01-17"
[1] "killed process  10028"
Error in if (Command == "Sleep" && Time > 120 && Host != "localhost") { : 
  missing value where TRUE/FALSE needed
Execution halted
Loading required package: methods
[1] "2017-01-17"
[1] "killed process  10031"
Error in if (Command == "Sleep" && Time > 120 && Host != "localhost") { : 
  missing value where TRUE/FALSE needed
Execution halted
Loading required package: methods
[1] "2017-01-17"
[1] "killed process  10034"
Error in if (Command == "Sleep" && Time > 120 && Host != "localhost") { : 
  missing value where TRUE/FALSE needed
Execution halted
Loading required package: methods
[1] "2017-01-17"
[1] "killed process  10037"
Error in if (Command == "Sleep" && Time > 120 && Host != "localhost") { : 
  missing value where TRUE/FALSE needed
Execution halted
Loading required package: methods
[1] "2017-01-17"
[1] "killed process  10044"
Error in if (Command == "Sleep" && Time > 120 && Host != "localhost") { : 
  missing value where TRUE/FALSE needed
Execution halted
Loading required package: methods
[1] "2017-01-17"
[1] "killed process  10156"
Error in if (Command == "Sleep" && Time > 120 && Host != "localhost") { : 
  missing value where TRUE/FALSE needed
Execution halted
Loading required package: methods
[1] "2017-01-17"
[1] "killed process  10300"
Error in if (Command == "Sleep" && Time > 120 && Host != "localhost") { : 
  missing value where TRUE/FALSE needed
Execution halted
Loading required package: methods
[1] "2017-01-17"
[1] "killed process  10333"
[1] "killed process  10337"
[1] "killed process  10342"
[1] "killed process  10392"
Error in if (Command == "Sleep" && Time > 120 && Host != "localhost") { : 
  missing value where TRUE/FALSE needed
Execution halted
Loading required package: methods
[1] "2017-01-17"
[1] "killed process  10470"
[1] "killed process  10480"
Error in if (Command == "Sleep" && Time > 120 && Host != "localhost") { : 
  missing value where TRUE/FALSE needed
Execution halted
Loading required package: methods
[1] "2017-01-17"
[1] "killed process  10960"
Error in if (Command == "Sleep" && Time > 120 && Host != "localhost") { : 
  missing value where TRUE/FALSE needed
Execution halted
Loading required package: methods
[1] "2017-01-17"
[1] "killed process  11271"
[1] TRUE
Loading required package: methods
[1] "2017-01-18"
[1] "killed process  12949"
[1] "killed process  12950"
Error in if (Command == "Sleep" && Time > 120 && Host != "localhost") { : 
  missing value where TRUE/FALSE needed
Execution halted
Loading required package: methods
[1] "2017-01-18"
[1] "killed process  12969"
Error in if (Command == "Sleep" && Time > 120 && Host != "localhost") { : 
  missing value where TRUE/FALSE needed
Execution halted
Loading required package: methods
[1] "2017-01-18"
[1] "killed process  13070"
Error in if (Command == "Sleep" && Time > 120 && Host != "localhost") { : 
  missing value where TRUE/FALSE needed
Execution halted
Loading required package: methods
[1] "2017-01-18"
Error in if (Command == "Sleep" && Time > 120 && Host != "localhost") { : 
  missing value where TRUE/FALSE needed
Execution halted
Loading required package: methods
[1] "2017-01-18"
[1] "killed process  13110"
Error in if (Command == "Sleep" && Time > 120 && Host != "localhost") { : 
  missing value where TRUE/FALSE needed
Execution halted
Loading required package: methods
[1] "2017-01-18"
Error in if (Command == "Sleep" && Time > 120 && Host != "localhost") { : 
  missing value where TRUE/FALSE needed
Execution halted
Loading required package: methods
[1] "2017-01-18"
Error in if (Command == "Sleep" && Time > 120 && Host != "localhost") { : 
  missing value where TRUE/FALSE needed
Execution halted
Loading required package: methods
[1] "2017-01-18"
[1] "killed process  13253"
Error in if (Command == "Sleep" && Time > 120 && Host != "localhost") { : 
  missing value where TRUE/FALSE needed
Execution halted
Loading required package: methods
[1] "2017-01-18"
[1] "killed process  13366"
Error in if (Command == "Sleep" && Time > 120 && Host != "localhost") { : 
  missing value where TRUE/FALSE needed
Execution halted
Loading required package: methods
[1] "2017-01-18"
[1] "killed process  13378"
Error in if (Command == "Sleep" && Time > 120 && Host != "localhost") { : 
  missing value where TRUE/FALSE needed
Execution halted
Loading required package: methods
[1] "2017-01-18"
[1] "killed process  13380"
[1] "killed process  13574"
Error in if (Command == "Sleep" && Time > 120 && Host != "localhost") { : 
  missing value where TRUE/FALSE needed
Execution halted
Loading required package: methods
[1] "2017-01-18"
[1] "killed process  13579"
Error in if (Command == "Sleep" && Time > 120 && Host != "localhost") { : 
  missing value where TRUE/FALSE needed
Execution halted
Loading required package: methods
[1] "2017-01-18"
[1] "killed process  13614"
Error in if (Command == "Sleep" && Time > 120 && Host != "localhost") { : 
  missing value where TRUE/FALSE needed
Execution halted
Loading required package: methods
[1] "2017-01-18"
[1] "killed process  13667"
Error in if (Command == "Sleep" && Time > 120 && Host != "localhost") { : 
  missing value where TRUE/FALSE needed
Execution halted
Loading required package: methods
[1] "2017-01-19"
Error in if (Command == "Sleep" && Time > 120 && Host != "localhost") { : 
  missing value where TRUE/FALSE needed
Execution halted
Loading required package: methods
[1] "2017-01-19"
[1] "killed process  14410"
Error in if (Command == "Sleep" && Time > 120 && Host != "localhost") { : 
  missing value where TRUE/FALSE needed
Execution halted
Loading required package: methods
[1] "2017-01-19"
[1] "killed process  14514"
[1] "killed process  14515"
Error in if (Command == "Sleep" && Time > 120 && Host != "localhost") { : 
  missing value where TRUE/FALSE needed
Execution halted
Loading required package: methods
[1] "2017-01-19"
[1] "killed process  14584"
[1] "killed process  14586"
[1] "killed process  14587"
Error in if (Command == "Sleep" && Time > 120 && Host != "localhost") { : 
  missing value where TRUE/FALSE needed
Execution halted
Loading required package: methods
[1] "2017-01-19"
[1] "killed process  14596"
[1] "killed process  14600"
Error in if (Command == "Sleep" && Time > 120 && Host != "localhost") { : 
  missing value where TRUE/FALSE needed
Execution halted
Loading required package: methods
[1] "2017-01-19"
[1] "killed process  14603"
Error in if (Command == "Sleep" && Time > 120 && Host != "localhost") { : 
  missing value where TRUE/FALSE needed
Execution halted
Loading required package: methods
[1] "2017-01-19"
[1] "killed process  14606"
Error in if (Command == "Sleep" && Time > 120 && Host != "localhost") { : 
  missing value where TRUE/FALSE needed
Execution halted
Loading required package: methods
[1] "2017-01-19"
[1] "killed process  14609"
Error in if (Command == "Sleep" && Time > 120 && Host != "localhost") { : 
  missing value where TRUE/FALSE needed
Execution halted
Loading required package: methods
[1] "2017-01-19"
[1] "killed process  14637"
Error in if (Command == "Sleep" && Time > 120 && Host != "localhost") { : 
  missing value where TRUE/FALSE needed
Execution halted
Loading required package: methods
[1] "2017-01-19"
[1] "killed process  14657"
[1] "killed process  14675"
[1] "killed process  14677"
[1] "killed process  14685"
Error in if (Command == "Sleep" && Time > 120 && Host != "localhost") { : 
  missing value where TRUE/FALSE needed
Execution halted
Loading required package: methods
[1] "2017-01-19"
[1] "killed process  14687"
[1] "killed process  14689"
[1] "killed process  14731"
Error in if (Command == "Sleep" && Time > 120 && Host != "localhost") { : 
  missing value where TRUE/FALSE needed
Execution halted
Loading required package: methods
[1] "2017-01-19"
[1] "killed process  14776"
[1] "killed process  14853"
[1] "killed process  14855"
Error in if (Command == "Sleep" && Time > 120 && Host != "localhost") { : 
  missing value where TRUE/FALSE needed
Execution halted
Loading required package: methods
[1] "2017-01-19"
[1] "killed process  14867"
[1] "killed process  14868"
[1] "killed process  14963"
[1] "killed process  15082"
Error in if (Command == "Sleep" && Time > 120 && Host != "localhost") { : 
  missing value where TRUE/FALSE needed
Execution halted
Loading required package: methods
[1] "2017-01-19"
[1] "killed process  15219"
Error in if (Command == "Sleep" && Time > 120 && Host != "localhost") { : 
  missing value where TRUE/FALSE needed
Execution halted
Loading required package: methods
[1] "2017-01-20"
Error in if (Command == "Sleep" && Time > 120 && Host != "localhost") { : 
  missing value where TRUE/FALSE needed
Execution halted
Loading required package: methods
[1] "2017-01-20"
[1] "killed process  16664"
Error in if (Command == "Sleep" && Time > 120 && Host != "localhost") { : 
  missing value where TRUE/FALSE needed
Execution halted
Loading required package: methods
[1] "2017-01-20"
[1] "killed process  16668"
Error in if (Command == "Sleep" && Time > 120 && Host != "localhost") { : 
  missing value where TRUE/FALSE needed
Execution halted
Loading required package: methods
[1] "2017-01-20"
[1] "killed process  16693"
Error in if (Command == "Sleep" && Time > 120 && Host != "localhost") { : 
  missing value where TRUE/FALSE needed
Execution halted
Loading required package: methods
[1] "2017-01-20"
[1] "killed process  16754"
[1] "killed process  16755"
[1] "killed process  16757"
[1] "killed process  16759"
[1] "killed process  16821"
[1] "killed process  16822"
[1] TRUE
Loading required package: methods
[1] "2017-01-20"
[1] "killed process  16825"
Error in if (Command == "Sleep" && Time > 120 && Host != "localhost") { : 
  missing value where TRUE/FALSE needed
Execution halted
Loading required package: methods
[1] "2017-01-20"
[1] "killed process  16828"
Error in if (Command == "Sleep" && Time > 120 && Host != "localhost") { : 
  missing value where TRUE/FALSE needed
Execution halted
Loading required package: methods
[1] "2017-01-20"
[1] "killed process  16831"
Error in if (Command == "Sleep" && Time > 120 && Host != "localhost") { : 
  missing value where TRUE/FALSE needed
Execution halted
Loading required package: methods
[1] "2017-01-20"
[1] "killed process  16988"
[1] "killed process  16989"
[1] "killed process  16990"
[1] "killed process  17010"
Error in if (Command == "Sleep" && Time > 120 && Host != "localhost") { : 
  missing value where TRUE/FALSE needed
Execution halted
Loading required package: methods
[1] "2017-01-20"
[1] "killed process  17028"
[1] "killed process  17102"
Error in if (Command == "Sleep" && Time > 120 && Host != "localhost") { : 
  missing value where TRUE/FALSE needed
Execution halted
Loading required package: methods
[1] "2017-01-20"
[1] "killed process  17133"
[1] "killed process  17134"
[1] "killed process  17189"
[1] "killed process  17194"
Error in if (Command == "Sleep" && Time > 120 && Host != "localhost") { : 
  missing value where TRUE/FALSE needed
Execution halted
Loading required package: methods
[1] "2017-01-20"
[1] "killed process  17214"
Error in if (Command == "Sleep" && Time > 120 && Host != "localhost") { : 
  missing value where TRUE/FALSE needed
Execution halted
Loading required package: methods
[1] "2017-01-20"
[1] "killed process  17226"
[1] "killed process  17227"
[1] "killed process  17230"
[1] "killed process  17234"
[1] "killed process  17238"
[1] TRUE
Loading required package: methods
[1] "2017-01-20"
[1] "killed process  17239"
[1] "killed process  17241"
[1] "killed process  17249"
Error in if (Command == "Sleep" && Time > 120 && Host != "localhost") { : 
  missing value where TRUE/FALSE needed
Execution halted
Loading required package: methods
[1] "2017-01-21"
Error in if (Command == "Sleep" && Time > 120 && Host != "localhost") { : 
  missing value where TRUE/FALSE needed
Execution halted
Loading required package: methods
[1] "2017-01-21"
[1] "killed process  18568"
[1] "killed process  18569"
Error in if (Command == "Sleep" && Time > 120 && Host != "localhost") { : 
  missing value where TRUE/FALSE needed
Execution halted
Loading required package: methods
[1] "2017-01-21"
[1] "killed process  18570"
[1] "killed process  18572"
[1] "killed process  18573"
[1] "killed process  18575"
[1] "killed process  18576"
[1] TRUE
Loading required package: methods
[1] "2017-01-21"
[1] "killed process  18581"
[1] "killed process  18582"
Error in if (Command == "Sleep" && Time > 120 && Host != "localhost") { : 
  missing value where TRUE/FALSE needed
Execution halted
Loading required package: methods
[1] "2017-01-21"
[1] "killed process  18584"
Error in if (Command == "Sleep" && Time > 120 && Host != "localhost") { : 
  missing value where TRUE/FALSE needed
Execution halted
Loading required package: methods
[1] "2017-01-21"
Error in if (Command == "Sleep" && Time > 120 && Host != "localhost") { : 
  missing value where TRUE/FALSE needed
Execution halted
Loading required package: methods
[1] "2017-01-21"
Error in if (Command == "Sleep" && Time > 120 && Host != "localhost") { : 
  missing value where TRUE/FALSE needed
Execution halted
Loading required package: methods
[1] "2017-01-21"
Error in if (Command == "Sleep" && Time > 120 && Host != "localhost") { : 
  missing value where TRUE/FALSE needed
Execution halted
Loading required package: methods
[1] "2017-01-21"
[1] "killed process  18589"
Error in if (Command == "Sleep" && Time > 120 && Host != "localhost") { : 
  missing value where TRUE/FALSE needed
Execution halted
Loading required package: methods
[1] "2017-01-21"
[1] "killed process  18595"
[1] "killed process  18596"
[1] "killed process  18597"
Error in if (Command == "Sleep" && Time > 120 && Host != "localhost") { : 
  missing value where TRUE/FALSE needed
Execution halted
Loading required package: methods
[1] "2017-01-21"
Error in if (Command == "Sleep" && Time > 120 && Host != "localhost") { : 
  missing value where TRUE/FALSE needed
Execution halted
Loading required package: methods
[1] "2017-01-21"
Error in if (Command == "Sleep" && Time > 120 && Host != "localhost") { : 
  missing value where TRUE/FALSE needed
Execution halted
Loading required package: methods
[1] "2017-01-21"
Error in if (Command == "Sleep" && Time > 120 && Host != "localhost") { : 
  missing value where TRUE/FALSE needed
Execution halted
Loading required package: methods
[1] "2017-01-21"
Error in if (Command == "Sleep" && Time > 120 && Host != "localhost") { : 
  missing value where TRUE/FALSE needed
Execution halted
Loading required package: methods
[1] "2017-01-22"
[1] "killed process  19286"
Error in if (Command == "Sleep" && Time > 120 && Host != "localhost") { : 
  missing value where TRUE/FALSE needed
Execution halted
Loading required package: methods
[1] "2017-01-22"
[1] "killed process  19325"
[1] "killed process  19326"
[1] "killed process  19327"
[1] "killed process  19359"
[1] TRUE
Loading required package: methods
[1] "2017-01-22"
[1] "killed process  19625"
[1] "killed process  19695"
[1] "killed process  19696"
[1] TRUE
Loading required package: methods
[1] "2017-01-22"
[1] "killed process  19876"
[1] "killed process  19877"
[1] "killed process  19878"
[1] "killed process  19879"
[1] "killed process  19880"
[1] "killed process  20045"
[1] TRUE
